Determining if the pthread_create exist failed with the following output:
Change Dir: /home/student/Documents/deliv_robot_ws/build/my_dynamixel_tutorial/CMakeFiles/CMakeTmp

Run Build Command:"/usr/bin/make" "cmTC_66d62/fast"
/usr/bin/make -f CMakeFiles/cmTC_66d62.dir/build.make CMakeFiles/cmTC_66d62.dir/build
make[1] : on entre dans le répertoire « /home/student/Documents/deliv_robot_ws/build/my_dynamixel_tutorial/CMakeFiles/CMakeTmp »
Building C object CMakeFiles/cmTC_66d62.dir/CheckSymbolExists.c.o
/usr/bin/cc    -o CMakeFiles/cmTC_66d62.dir/CheckSymbolExists.c.o   -c /home/student/Documents/deliv_robot_ws/build/my_dynamixel_tutorial/CMakeFiles/CMakeTmp/CheckSymbolExists.c
Linking C executable cmTC_66d62
/usr/bin/cmake -E cmake_link_script CMakeFiles/cmTC_66d62.dir/link.txt --verbose=1
/usr/bin/cc      -rdynamic CMakeFiles/cmTC_66d62.dir/CheckSymbolExists.c.o  -o cmTC_66d62 
CMakeFiles/cmTC_66d62.dir/CheckSymbolExists.c.o : Dans la fonction « main » :
CheckSymbolExists.c:(.text+0x1b) : référence indéfinie vers « pthread_create »
collect2: error: ld returned 1 exit status
CMakeFiles/cmTC_66d62.dir/build.make:97: recipe for target 'cmTC_66d62' failed
make[1]: *** [cmTC_66d62] Error 1
make[1] : on quitte le répertoire « /home/student/Documents/deliv_robot_ws/build/my_dynamixel_tutorial/CMakeFiles/CMakeTmp »
Makefile:126: recipe for target 'cmTC_66d62/fast' failed
make: *** [cmTC_66d62/fast] Error 2

File /home/student/Documents/deliv_robot_ws/build/my_dynamixel_tutorial/CMakeFiles/CMakeTmp/CheckSymbolExists.c:
/* */
#include <pthread.h>

int main(int argc, char** argv)
{
  (void)argv;
#ifndef pthread_create
  return ((int*)(&pthread_create))[argc];
#else
  (void)argc;
  return 0;
#endif
}

Determining if the function pthread_create exists in the pthreads failed with the following output:
Change Dir: /home/student/Documents/deliv_robot_ws/build/my_dynamixel_tutorial/CMakeFiles/CMakeTmp

Run Build Command:"/usr/bin/make" "cmTC_65906/fast"
/usr/bin/make -f CMakeFiles/cmTC_65906.dir/build.make CMakeFiles/cmTC_65906.dir/build
make[1] : on entre dans le répertoire « /home/student/Documents/deliv_robot_ws/build/my_dynamixel_tutorial/CMakeFiles/CMakeTmp »
Building C object CMakeFiles/cmTC_65906.dir/CheckFunctionExists.c.o
/usr/bin/cc   -DCHECK_FUNCTION_EXISTS=pthread_create   -o CMakeFiles/cmTC_65906.dir/CheckFunctionExists.c.o   -c /usr/share/cmake-3.10/Modules/CheckFunctionExists.c
Linking C executable cmTC_65906
/usr/bin/cmake -E cmake_link_script CMakeFiles/cmTC_65906.dir/link.txt --verbose=1
/usr/bin/cc  -DCHECK_FUNCTION_EXISTS=pthread_create    -rdynamic CMakeFiles/cmTC_65906.dir/CheckFunctionExists.c.o  -o cmTC_65906 -lpthreads 
/usr/bin/ld : ne peut trouver -lpthreads
collect2: error: ld returned 1 exit status
CMakeFiles/cmTC_65906.dir/build.make:97: recipe for target 'cmTC_65906' failed
make[1]: *** [cmTC_65906] Error 1
make[1] : on quitte le répertoire « /home/student/Documents/deliv_robot_ws/build/my_dynamixel_tutorial/CMakeFiles/CMakeTmp »
Makefile:126: recipe for target 'cmTC_65906/fast' failed
make: *** [cmTC_65906/fast] Error 2


