Determining if the pthread_create exist failed with the following output:
Change Dir: /home/student/Documents/deliv_robot_ws/build/catkin_tools_prebuild/CMakeFiles/CMakeTmp

Run Build Command:"/usr/bin/make" "cmTC_5ccc2/fast"
/usr/bin/make -f CMakeFiles/cmTC_5ccc2.dir/build.make CMakeFiles/cmTC_5ccc2.dir/build
make[1] : on entre dans le répertoire « /home/student/Documents/deliv_robot_ws/build/catkin_tools_prebuild/CMakeFiles/CMakeTmp »
Building C object CMakeFiles/cmTC_5ccc2.dir/CheckSymbolExists.c.o
/usr/bin/cc    -o CMakeFiles/cmTC_5ccc2.dir/CheckSymbolExists.c.o   -c /home/student/Documents/deliv_robot_ws/build/catkin_tools_prebuild/CMakeFiles/CMakeTmp/CheckSymbolExists.c
Linking C executable cmTC_5ccc2
/usr/bin/cmake -E cmake_link_script CMakeFiles/cmTC_5ccc2.dir/link.txt --verbose=1
/usr/bin/cc      -rdynamic CMakeFiles/cmTC_5ccc2.dir/CheckSymbolExists.c.o  -o cmTC_5ccc2 
CMakeFiles/cmTC_5ccc2.dir/CheckSymbolExists.c.o : Dans la fonction « main » :
CheckSymbolExists.c:(.text+0x1b) : référence indéfinie vers « pthread_create »
collect2: error: ld returned 1 exit status
CMakeFiles/cmTC_5ccc2.dir/build.make:97: recipe for target 'cmTC_5ccc2' failed
make[1]: *** [cmTC_5ccc2] Error 1
make[1] : on quitte le répertoire « /home/student/Documents/deliv_robot_ws/build/catkin_tools_prebuild/CMakeFiles/CMakeTmp »
Makefile:126: recipe for target 'cmTC_5ccc2/fast' failed
make: *** [cmTC_5ccc2/fast] Error 2

File /home/student/Documents/deliv_robot_ws/build/catkin_tools_prebuild/CMakeFiles/CMakeTmp/CheckSymbolExists.c:
/* */
#include <pthread.h>

int main(int argc, char** argv)
{
  (void)argv;
#ifndef pthread_create
  return ((int*)(&pthread_create))[argc];
#else
  (void)argc;
  return 0;
#endif
}

Determining if the function pthread_create exists in the pthreads failed with the following output:
Change Dir: /home/student/Documents/deliv_robot_ws/build/catkin_tools_prebuild/CMakeFiles/CMakeTmp

Run Build Command:"/usr/bin/make" "cmTC_b0cd2/fast"
/usr/bin/make -f CMakeFiles/cmTC_b0cd2.dir/build.make CMakeFiles/cmTC_b0cd2.dir/build
make[1] : on entre dans le répertoire « /home/student/Documents/deliv_robot_ws/build/catkin_tools_prebuild/CMakeFiles/CMakeTmp »
Building C object CMakeFiles/cmTC_b0cd2.dir/CheckFunctionExists.c.o
/usr/bin/cc   -DCHECK_FUNCTION_EXISTS=pthread_create   -o CMakeFiles/cmTC_b0cd2.dir/CheckFunctionExists.c.o   -c /usr/share/cmake-3.10/Modules/CheckFunctionExists.c
Linking C executable cmTC_b0cd2
/usr/bin/cmake -E cmake_link_script CMakeFiles/cmTC_b0cd2.dir/link.txt --verbose=1
/usr/bin/cc  -DCHECK_FUNCTION_EXISTS=pthread_create    -rdynamic CMakeFiles/cmTC_b0cd2.dir/CheckFunctionExists.c.o  -o cmTC_b0cd2 -lpthreads 
/usr/bin/ld : ne peut trouver -lpthreads
collect2: error: ld returned 1 exit status
CMakeFiles/cmTC_b0cd2.dir/build.make:97: recipe for target 'cmTC_b0cd2' failed
make[1]: *** [cmTC_b0cd2] Error 1
make[1] : on quitte le répertoire « /home/student/Documents/deliv_robot_ws/build/catkin_tools_prebuild/CMakeFiles/CMakeTmp »
Makefile:126: recipe for target 'cmTC_b0cd2/fast' failed
make: *** [cmTC_b0cd2/fast] Error 2


