Determining if the pthread_create exist failed with the following output:
Change Dir: /home/student/Documents/deliv_robot_ws/build/deliv_robot/CMakeFiles/CMakeTmp

Run Build Command:"/usr/bin/make" "cmTC_8627f/fast"
/usr/bin/make -f CMakeFiles/cmTC_8627f.dir/build.make CMakeFiles/cmTC_8627f.dir/build
make[1] : on entre dans le répertoire « /home/student/Documents/deliv_robot_ws/build/deliv_robot/CMakeFiles/CMakeTmp »
Building C object CMakeFiles/cmTC_8627f.dir/CheckSymbolExists.c.o
/usr/bin/cc    -o CMakeFiles/cmTC_8627f.dir/CheckSymbolExists.c.o   -c /home/student/Documents/deliv_robot_ws/build/deliv_robot/CMakeFiles/CMakeTmp/CheckSymbolExists.c
Linking C executable cmTC_8627f
/usr/bin/cmake -E cmake_link_script CMakeFiles/cmTC_8627f.dir/link.txt --verbose=1
/usr/bin/cc      -rdynamic CMakeFiles/cmTC_8627f.dir/CheckSymbolExists.c.o  -o cmTC_8627f 
CMakeFiles/cmTC_8627f.dir/CheckSymbolExists.c.o : Dans la fonction « main » :
CheckSymbolExists.c:(.text+0x1b) : référence indéfinie vers « pthread_create »
collect2: error: ld returned 1 exit status
CMakeFiles/cmTC_8627f.dir/build.make:97: recipe for target 'cmTC_8627f' failed
make[1]: *** [cmTC_8627f] Error 1
make[1] : on quitte le répertoire « /home/student/Documents/deliv_robot_ws/build/deliv_robot/CMakeFiles/CMakeTmp »
Makefile:126: recipe for target 'cmTC_8627f/fast' failed
make: *** [cmTC_8627f/fast] Error 2

File /home/student/Documents/deliv_robot_ws/build/deliv_robot/CMakeFiles/CMakeTmp/CheckSymbolExists.c:
/* */
#include <pthread.h>

int main(int argc, char** argv)
{
  (void)argv;
#ifndef pthread_create
  return ((int*)(&pthread_create))[argc];
#else
  (void)argc;
  return 0;
#endif
}

Determining if the function pthread_create exists in the pthreads failed with the following output:
Change Dir: /home/student/Documents/deliv_robot_ws/build/deliv_robot/CMakeFiles/CMakeTmp

Run Build Command:"/usr/bin/make" "cmTC_cfb35/fast"
/usr/bin/make -f CMakeFiles/cmTC_cfb35.dir/build.make CMakeFiles/cmTC_cfb35.dir/build
make[1] : on entre dans le répertoire « /home/student/Documents/deliv_robot_ws/build/deliv_robot/CMakeFiles/CMakeTmp »
Building C object CMakeFiles/cmTC_cfb35.dir/CheckFunctionExists.c.o
/usr/bin/cc   -DCHECK_FUNCTION_EXISTS=pthread_create   -o CMakeFiles/cmTC_cfb35.dir/CheckFunctionExists.c.o   -c /usr/share/cmake-3.10/Modules/CheckFunctionExists.c
Linking C executable cmTC_cfb35
/usr/bin/cmake -E cmake_link_script CMakeFiles/cmTC_cfb35.dir/link.txt --verbose=1
/usr/bin/cc  -DCHECK_FUNCTION_EXISTS=pthread_create    -rdynamic CMakeFiles/cmTC_cfb35.dir/CheckFunctionExists.c.o  -o cmTC_cfb35 -lpthreads 
/usr/bin/ld : ne peut trouver -lpthreads
collect2: error: ld returned 1 exit status
CMakeFiles/cmTC_cfb35.dir/build.make:97: recipe for target 'cmTC_cfb35' failed
make[1]: *** [cmTC_cfb35] Error 1
make[1] : on quitte le répertoire « /home/student/Documents/deliv_robot_ws/build/deliv_robot/CMakeFiles/CMakeTmp »
Makefile:126: recipe for target 'cmTC_cfb35/fast' failed
make: *** [cmTC_cfb35/fast] Error 2


